<?xml version="1.0" encoding="UTF-8"?>
<!-- Generated by org.testng.reporters.JUnitXMLReporter -->
<testsuite hostname="Crow.local" name="Default test" tests="7" failures="0" timestamp="6 Feb 2014 07:08:21 GMT" time="105.494" errors="0">
  <testcase name="testResetPassword" time="4.01" classname="hub.test.UserResetPasswordTestOptionA"/>
  <testcase name="testResetPassword" time="3.842" classname="hub.test.UserResetPasswordTestOptionA"/>
  <testcase name="testResetPassword" time="3.814" classname="hub.test.UserResetPasswordTestOptionA"/>
  <testcase name="testResetPassword" time="4.279" classname="hub.test.UserResetPasswordTestOptionA"/>
  <testcase name="testResetPassword" time="4.079" classname="hub.test.UserResetPasswordTestOptionA"/>
  <testcase name="testResetPassword" time="4.094" classname="hub.test.UserResetPasswordTestOptionA"/>
  <testcase name="testResetPassword" time="41.544" classname="hub.test.UserResetPasswordTestOptionA"/>
</testsuite> <!-- Default test -->
