<?xml version="1.0" encoding="UTF-8"?>
<testng-results skipped="0" failed="1" total="7" passed="6">
  <reporter-output>
  </reporter-output>
  <suite name="Default suite" duration-ms="1797515" started-at="2014-02-20T02:31:21Z" finished-at="2014-02-20T03:01:18Z">
    <groups>
    </groups>
    <test name="Default test" duration-ms="1797515" started-at="2014-02-20T02:31:21Z" finished-at="2014-02-20T03:01:18Z">
      <class name="hub.test.SmokeTest">
        <test-method status="PASS" signature="Startup(java.lang.String)[pri:0, instance:hub.test.SmokeTest@ea083a]" name="Startup" is-config="true" duration-ms="56618" started-at="2014-02-20T10:31:21Z" finished-at="2014-02-20T10:32:17Z">
          <params>
            <param index="0">
              <value is-null="true"/>
            </param>
          </params>
          <reporter-output>
          </reporter-output>
        </test-method> <!-- Startup -->
        <test-method status="PASS" signature="testSmokeTest(java.lang.Class, [Ljava.lang.String;)[pri:0, instance:hub.test.SmokeTest@ea083a]" name="testSmokeTest" duration-ms="123898" started-at="2014-02-20T10:32:18Z" description="Smoke Test" data-provider="Data-Provider-Function" finished-at="2014-02-20T10:34:22Z">
          <params>
            <param index="0">
              <value>
                <![CDATA[class java.lang.String]]>
              </value>
            </param>
            <param index="1">
              <value>
                <![CDATA[[Ljava.lang.String;@1891eb24]]>
              </value>
            </param>
          </params>
          <reporter-output>
          </reporter-output>
        </test-method> <!-- testSmokeTest -->
        <test-method status="PASS" signature="reinitializeBrowser()[pri:0, instance:hub.test.SmokeTest@ea083a]" name="reinitializeBrowser" is-config="true" duration-ms="6804" started-at="2014-02-20T10:34:22Z" finished-at="2014-02-20T10:34:29Z">
          <reporter-output>
          </reporter-output>
        </test-method> <!-- reinitializeBrowser -->
        <test-method status="PASS" signature="testSmokeTest(java.lang.Class, [Ljava.lang.String;)[pri:0, instance:hub.test.SmokeTest@ea083a]" name="testSmokeTest" duration-ms="297407" started-at="2014-02-20T10:34:29Z" description="Smoke Test" data-provider="Data-Provider-Function" finished-at="2014-02-20T10:39:26Z">
          <params>
            <param index="0">
              <value>
                <![CDATA[class java.lang.String]]>
              </value>
            </param>
            <param index="1">
              <value>
                <![CDATA[[Ljava.lang.String;@13e49516]]>
              </value>
            </param>
          </params>
          <reporter-output>
          </reporter-output>
        </test-method> <!-- testSmokeTest -->
        <test-method status="PASS" signature="reinitializeBrowser()[pri:0, instance:hub.test.SmokeTest@ea083a]" name="reinitializeBrowser" is-config="true" duration-ms="4013" started-at="2014-02-20T10:39:26Z" finished-at="2014-02-20T10:39:30Z">
          <reporter-output>
          </reporter-output>
        </test-method> <!-- reinitializeBrowser -->
        <test-method status="FAIL" signature="testSmokeTest(java.lang.Class, [Ljava.lang.String;)[pri:0, instance:hub.test.SmokeTest@ea083a]" name="testSmokeTest" duration-ms="260600" started-at="2014-02-20T10:39:30Z" description="Smoke Test" data-provider="Data-Provider-Function" finished-at="2014-02-20T10:43:51Z">
          <params>
            <param index="0">
              <value>
                <![CDATA[class java.lang.String]]>
              </value>
            </param>
            <param index="1">
              <value>
                <![CDATA[[Ljava.lang.String;@4d5735df]]>
              </value>
            </param>
          </params>
          <exception class="java.lang.AssertionError">
            <message>
              <![CDATA[Exception was thrown]]>
            </message>
            <full-stacktrace>
              <![CDATA[java.lang.AssertionError: Exception was thrown
	at org.testng.Assert.fail(Assert.java:94)
	at hub.test.SmokeTest.testSmokeTest(SmokeTest.java:105)
	at sun.reflect.NativeMethodAccessorImpl.invoke0(Native Method)
	at sun.reflect.NativeMethodAccessorImpl.invoke(NativeMethodAccessorImpl.java:57)
	at sun.reflect.DelegatingMethodAccessorImpl.invoke(DelegatingMethodAccessorImpl.java:43)
	at java.lang.reflect.Method.invoke(Method.java:601)
	at org.testng.internal.MethodInvocationHelper.invokeMethod(MethodInvocationHelper.java:84)
	at org.testng.internal.Invoker.invokeMethod(Invoker.java:714)
	at org.testng.internal.Invoker.invokeTestMethod(Invoker.java:901)
	at org.testng.internal.Invoker.invokeTestMethods(Invoker.java:1231)
	at org.testng.internal.TestMethodWorker.invokeTestMethods(TestMethodWorker.java:127)
	at org.testng.internal.TestMethodWorker.run(TestMethodWorker.java:111)
	at org.testng.TestRunner.privateRun(TestRunner.java:767)
	at org.testng.TestRunner.run(TestRunner.java:617)
	at org.testng.SuiteRunner.runTest(SuiteRunner.java:334)
	at org.testng.SuiteRunner.runSequentially(SuiteRunner.java:329)
	at org.testng.SuiteRunner.privateRun(SuiteRunner.java:291)
	at org.testng.SuiteRunner.run(SuiteRunner.java:240)
	at org.testng.SuiteRunnerWorker.runSuite(SuiteRunnerWorker.java:52)
	at org.testng.SuiteRunnerWorker.run(SuiteRunnerWorker.java:86)
	at org.testng.TestNG.runSuitesSequentially(TestNG.java:1224)
	at org.testng.TestNG.runSuitesLocally(TestNG.java:1149)
	at org.testng.TestNG.run(TestNG.java:1057)
	at org.testng.remote.RemoteTestNG.run(RemoteTestNG.java:111)
	at org.testng.remote.RemoteTestNG.initAndRun(RemoteTestNG.java:204)
	at org.testng.remote.RemoteTestNG.main(RemoteTestNG.java:175)
]]>
            </full-stacktrace>
          </exception> <!-- java.lang.AssertionError -->
          <reporter-output>
          </reporter-output>
        </test-method> <!-- testSmokeTest -->
        <test-method status="PASS" signature="reinitializeBrowser()[pri:0, instance:hub.test.SmokeTest@ea083a]" name="reinitializeBrowser" is-config="true" duration-ms="4233" started-at="2014-02-20T10:43:51Z" finished-at="2014-02-20T10:43:55Z">
          <reporter-output>
          </reporter-output>
        </test-method> <!-- reinitializeBrowser -->
        <test-method status="PASS" signature="testSmokeTest(java.lang.Class, [Ljava.lang.String;)[pri:0, instance:hub.test.SmokeTest@ea083a]" name="testSmokeTest" duration-ms="385603" started-at="2014-02-20T10:43:55Z" description="Smoke Test" data-provider="Data-Provider-Function" finished-at="2014-02-20T10:50:20Z">
          <params>
            <param index="0">
              <value>
                <![CDATA[class java.lang.String]]>
              </value>
            </param>
            <param index="1">
              <value>
                <![CDATA[[Ljava.lang.String;@3f7e18e]]>
              </value>
            </param>
          </params>
          <reporter-output>
          </reporter-output>
        </test-method> <!-- testSmokeTest -->
        <test-method status="PASS" signature="reinitializeBrowser()[pri:0, instance:hub.test.SmokeTest@ea083a]" name="reinitializeBrowser" is-config="true" duration-ms="18063" started-at="2014-02-20T10:50:20Z" finished-at="2014-02-20T10:50:39Z">
          <reporter-output>
          </reporter-output>
        </test-method> <!-- reinitializeBrowser -->
        <test-method status="PASS" signature="testSmokeTest(java.lang.Class, [Ljava.lang.String;)[pri:0, instance:hub.test.SmokeTest@ea083a]" name="testSmokeTest" duration-ms="316349" started-at="2014-02-20T10:50:39Z" description="Smoke Test" data-provider="Data-Provider-Function" finished-at="2014-02-20T10:55:55Z">
          <params>
            <param index="0">
              <value>
                <![CDATA[class java.lang.String]]>
              </value>
            </param>
            <param index="1">
              <value>
                <![CDATA[[Ljava.lang.String;@6f933ab]]>
              </value>
            </param>
          </params>
          <reporter-output>
          </reporter-output>
        </test-method> <!-- testSmokeTest -->
        <test-method status="PASS" signature="reinitializeBrowser()[pri:0, instance:hub.test.SmokeTest@ea083a]" name="reinitializeBrowser" is-config="true" duration-ms="4624" started-at="2014-02-20T10:55:55Z" finished-at="2014-02-20T10:56:00Z">
          <reporter-output>
          </reporter-output>
        </test-method> <!-- reinitializeBrowser -->
        <test-method status="PASS" signature="testSmokeTest(java.lang.Class, [Ljava.lang.String;)[pri:0, instance:hub.test.SmokeTest@ea083a]" name="testSmokeTest" duration-ms="37185" started-at="2014-02-20T10:56:00Z" description="Smoke Test" data-provider="Data-Provider-Function" finished-at="2014-02-20T10:56:37Z">
          <params>
            <param index="0">
              <value>
                <![CDATA[class java.lang.String]]>
              </value>
            </param>
            <param index="1">
              <value>
                <![CDATA[[Ljava.lang.String;@52af2320]]>
              </value>
            </param>
          </params>
          <reporter-output>
          </reporter-output>
        </test-method> <!-- testSmokeTest -->
        <test-method status="PASS" signature="reinitializeBrowser()[pri:0, instance:hub.test.SmokeTest@ea083a]" name="reinitializeBrowser" is-config="true" duration-ms="3980" started-at="2014-02-20T10:56:37Z" finished-at="2014-02-20T10:56:41Z">
          <reporter-output>
          </reporter-output>
        </test-method> <!-- reinitializeBrowser -->
        <test-method status="PASS" signature="testSmokeTest(java.lang.Class, [Ljava.lang.String;)[pri:0, instance:hub.test.SmokeTest@ea083a]" name="testSmokeTest" duration-ms="273418" started-at="2014-02-20T10:56:41Z" description="Smoke Test" data-provider="Data-Provider-Function" finished-at="2014-02-20T11:01:14Z">
          <params>
            <param index="0">
              <value>
                <![CDATA[class java.lang.String]]>
              </value>
            </param>
            <param index="1">
              <value>
                <![CDATA[[Ljava.lang.String;@682b3448]]>
              </value>
            </param>
          </params>
          <reporter-output>
          </reporter-output>
        </test-method> <!-- testSmokeTest -->
        <test-method status="PASS" signature="reinitializeBrowser()[pri:0, instance:hub.test.SmokeTest@ea083a]" name="reinitializeBrowser" is-config="true" duration-ms="3770" started-at="2014-02-20T11:01:14Z" finished-at="2014-02-20T11:01:18Z">
          <reporter-output>
          </reporter-output>
        </test-method> <!-- reinitializeBrowser -->
        <test-method status="PASS" signature="teardown()[pri:0, instance:hub.test.SmokeTest@ea083a]" name="teardown" is-config="true" duration-ms="343" started-at="2014-02-20T11:01:18Z" finished-at="2014-02-20T11:01:18Z">
          <reporter-output>
          </reporter-output>
        </test-method> <!-- teardown -->
      </class> <!-- hub.test.SmokeTest -->
    </test> <!-- Default test -->
  </suite> <!-- Default suite -->
</testng-results>
