<?xml version="1.0" encoding="UTF-8"?>
<testng-results skipped="0" failed="0" total="7" passed="7">
  <reporter-output>
  </reporter-output>
  <suite name="Default suite" duration-ms="105494" started-at="2014-02-06T07:06:36Z" finished-at="2014-02-06T07:08:21Z">
    <groups>
    </groups>
    <test name="Default test" duration-ms="105494" started-at="2014-02-06T07:06:36Z" finished-at="2014-02-06T07:08:21Z">
      <class name="hub.test.UserResetPasswordTestOptionA">
        <test-method status="PASS" signature="Startup(java.lang.String)[pri:0, instance:hub.test.UserResetPasswordTestOptionA@2befdb3]" name="Startup" is-config="true" duration-ms="24944" started-at="2014-02-06T15:06:36Z" finished-at="2014-02-06T15:07:01Z">
          <params>
            <param index="0">
              <value is-null="true"/>
            </param>
          </params>
          <reporter-output>
          </reporter-output>
        </test-method> <!-- Startup -->
        <test-method status="PASS" signature="testResetPassword(java.lang.Class, [Ljava.lang.String;)[pri:0, instance:hub.test.UserResetPasswordTestOptionA@2befdb3]" name="testResetPassword" duration-ms="4010" started-at="2014-02-06T15:07:01Z" description="Test Reset Password" data-provider="Data-Provider-Function" finished-at="2014-02-06T15:07:05Z">
          <params>
            <param index="0">
              <value>
                <![CDATA[class java.lang.String]]>
              </value>
            </param>
            <param index="1">
              <value>
                <![CDATA[[Ljava.lang.String;@42ae2218]]>
              </value>
            </param>
          </params>
          <reporter-output>
          </reporter-output>
        </test-method> <!-- testResetPassword -->
        <test-method status="PASS" signature="reinitializeBrowser()[pri:0, instance:hub.test.UserResetPasswordTestOptionA@2befdb3]" name="reinitializeBrowser" is-config="true" duration-ms="2217" started-at="2014-02-06T15:07:05Z" finished-at="2014-02-06T15:07:07Z">
          <reporter-output>
          </reporter-output>
        </test-method> <!-- reinitializeBrowser -->
        <test-method status="PASS" signature="testResetPassword(java.lang.Class, [Ljava.lang.String;)[pri:0, instance:hub.test.UserResetPasswordTestOptionA@2befdb3]" name="testResetPassword" duration-ms="3842" started-at="2014-02-06T15:07:07Z" description="Test Reset Password" data-provider="Data-Provider-Function" finished-at="2014-02-06T15:07:11Z">
          <params>
            <param index="0">
              <value>
                <![CDATA[class java.lang.String]]>
              </value>
            </param>
            <param index="1">
              <value>
                <![CDATA[[Ljava.lang.String;@364077db]]>
              </value>
            </param>
          </params>
          <reporter-output>
          </reporter-output>
        </test-method> <!-- testResetPassword -->
        <test-method status="PASS" signature="reinitializeBrowser()[pri:0, instance:hub.test.UserResetPasswordTestOptionA@2befdb3]" name="reinitializeBrowser" is-config="true" duration-ms="2388" started-at="2014-02-06T15:07:11Z" finished-at="2014-02-06T15:07:13Z">
          <reporter-output>
          </reporter-output>
        </test-method> <!-- reinitializeBrowser -->
        <test-method status="PASS" signature="testResetPassword(java.lang.Class, [Ljava.lang.String;)[pri:0, instance:hub.test.UserResetPasswordTestOptionA@2befdb3]" name="testResetPassword" duration-ms="3814" started-at="2014-02-06T15:07:13Z" description="Test Reset Password" data-provider="Data-Provider-Function" finished-at="2014-02-06T15:07:17Z">
          <params>
            <param index="0">
              <value>
                <![CDATA[class java.lang.String]]>
              </value>
            </param>
            <param index="1">
              <value>
                <![CDATA[[Ljava.lang.String;@427ce6b0]]>
              </value>
            </param>
          </params>
          <reporter-output>
          </reporter-output>
        </test-method> <!-- testResetPassword -->
        <test-method status="PASS" signature="reinitializeBrowser()[pri:0, instance:hub.test.UserResetPasswordTestOptionA@2befdb3]" name="reinitializeBrowser" is-config="true" duration-ms="1774" started-at="2014-02-06T15:07:17Z" finished-at="2014-02-06T15:07:19Z">
          <reporter-output>
          </reporter-output>
        </test-method> <!-- reinitializeBrowser -->
        <test-method status="PASS" signature="testResetPassword(java.lang.Class, [Ljava.lang.String;)[pri:0, instance:hub.test.UserResetPasswordTestOptionA@2befdb3]" name="testResetPassword" duration-ms="4279" started-at="2014-02-06T15:07:19Z" description="Test Reset Password" data-provider="Data-Provider-Function" finished-at="2014-02-06T15:07:23Z">
          <params>
            <param index="0">
              <value>
                <![CDATA[class java.lang.String]]>
              </value>
            </param>
            <param index="1">
              <value>
                <![CDATA[[Ljava.lang.String;@160d4eea]]>
              </value>
            </param>
          </params>
          <reporter-output>
          </reporter-output>
        </test-method> <!-- testResetPassword -->
        <test-method status="PASS" signature="reinitializeBrowser()[pri:0, instance:hub.test.UserResetPasswordTestOptionA@2befdb3]" name="reinitializeBrowser" is-config="true" duration-ms="1733" started-at="2014-02-06T15:07:23Z" finished-at="2014-02-06T15:07:25Z">
          <reporter-output>
          </reporter-output>
        </test-method> <!-- reinitializeBrowser -->
        <test-method status="PASS" signature="testResetPassword(java.lang.Class, [Ljava.lang.String;)[pri:0, instance:hub.test.UserResetPasswordTestOptionA@2befdb3]" name="testResetPassword" duration-ms="4079" started-at="2014-02-06T15:07:25Z" description="Test Reset Password" data-provider="Data-Provider-Function" finished-at="2014-02-06T15:07:29Z">
          <params>
            <param index="0">
              <value>
                <![CDATA[class java.lang.String]]>
              </value>
            </param>
            <param index="1">
              <value>
                <![CDATA[[Ljava.lang.String;@43b7eff5]]>
              </value>
            </param>
          </params>
          <reporter-output>
          </reporter-output>
        </test-method> <!-- testResetPassword -->
        <test-method status="PASS" signature="reinitializeBrowser()[pri:0, instance:hub.test.UserResetPasswordTestOptionA@2befdb3]" name="reinitializeBrowser" is-config="true" duration-ms="2051" started-at="2014-02-06T15:07:29Z" finished-at="2014-02-06T15:07:31Z">
          <reporter-output>
          </reporter-output>
        </test-method> <!-- reinitializeBrowser -->
        <test-method status="PASS" signature="testResetPassword(java.lang.Class, [Ljava.lang.String;)[pri:0, instance:hub.test.UserResetPasswordTestOptionA@2befdb3]" name="testResetPassword" duration-ms="4094" started-at="2014-02-06T15:07:31Z" description="Test Reset Password" data-provider="Data-Provider-Function" finished-at="2014-02-06T15:07:35Z">
          <params>
            <param index="0">
              <value>
                <![CDATA[class java.lang.String]]>
              </value>
            </param>
            <param index="1">
              <value>
                <![CDATA[[Ljava.lang.String;@60eae08e]]>
              </value>
            </param>
          </params>
          <reporter-output>
          </reporter-output>
        </test-method> <!-- testResetPassword -->
        <test-method status="PASS" signature="reinitializeBrowser()[pri:0, instance:hub.test.UserResetPasswordTestOptionA@2befdb3]" name="reinitializeBrowser" is-config="true" duration-ms="1755" started-at="2014-02-06T15:07:35Z" finished-at="2014-02-06T15:07:37Z">
          <reporter-output>
          </reporter-output>
        </test-method> <!-- reinitializeBrowser -->
        <test-method status="PASS" signature="testResetPassword(java.lang.Class, [Ljava.lang.String;)[pri:0, instance:hub.test.UserResetPasswordTestOptionA@2befdb3]" name="testResetPassword" duration-ms="41544" started-at="2014-02-06T15:07:37Z" description="Test Reset Password" data-provider="Data-Provider-Function" finished-at="2014-02-06T15:08:18Z">
          <params>
            <param index="0">
              <value>
                <![CDATA[class java.lang.String]]>
              </value>
            </param>
            <param index="1">
              <value>
                <![CDATA[[Ljava.lang.String;@5c3cbc57]]>
              </value>
            </param>
          </params>
          <reporter-output>
          </reporter-output>
        </test-method> <!-- testResetPassword -->
        <test-method status="PASS" signature="reinitializeBrowser()[pri:0, instance:hub.test.UserResetPasswordTestOptionA@2befdb3]" name="reinitializeBrowser" is-config="true" duration-ms="2490" started-at="2014-02-06T15:08:18Z" finished-at="2014-02-06T15:08:21Z">
          <reporter-output>
          </reporter-output>
        </test-method> <!-- reinitializeBrowser -->
        <test-method status="PASS" signature="teardown()[pri:0, instance:hub.test.UserResetPasswordTestOptionA@2befdb3]" name="teardown" is-config="true" duration-ms="197" started-at="2014-02-06T15:08:21Z" finished-at="2014-02-06T15:08:21Z">
          <reporter-output>
          </reporter-output>
        </test-method> <!-- teardown -->
      </class> <!-- hub.test.UserResetPasswordTestOptionA -->
    </test> <!-- Default test -->
  </suite> <!-- Default suite -->
</testng-results>
